#
# A fatal error has been detected by the Java Runtime Environment:
#
#  EXCEPTION_ACCESS_VIOLATION (0xc0000005) at pc=0x7006eb92, pid=4976, tid=4132
#
# JRE version: Java(TM) SE Runtime Environment (8.0_66-b02) (build 1.8.0_66-ea-b02)
# Java VM: Java HotSpot(TM) Client VM (25.66-b02 mixed mode windows-x86 )
# Problematic frame:
# C  [glass.dll+0x1eb92]
#
# Failed to write core dump. Minidumps are not enabled by default on client versions of Windows
#
# If you would like to submit a bug report, please visit:
#   http://bugreport.java.com/bugreport/crash.jsp
#

---------------  T H R E A D  ---------------

Current thread (0x14cadc00):  VMThread [stack: 0x14b40000,0x14b90000] [id=4132]

siginfo: ExceptionCode=0xc0000005, reading address 0x00000000

Registers:
EAX=0x00000000, EBX=0x0044a030, ECX=0x00000000, EDX=0x6bfacc64
ESP=0x14b8f8e0, EBP=0x14b8f904, ESI=0x16956c4c, EDI=0x00000000
EIP=0x7006eb92, EFLAGS=0x00010246

Top of Stack: (sp=0x14b8f8e0)
0x14b8f8e0:   00000000 16956c4c 7006eb80 7006cd01
0x14b8f8f0:   00000000 00000001 00000000 0044a028
0x14b8f900:   00000000 14b8f948 7006cf29 0044a040
0x14b8f910:   0044a028 0044a028 623ea43d 00000001
0x14b8f920:   14b8f970 0042cdf8 c0000005 00000001
0x14b8f930:   14b8f918 14b8f308 14b8fa10 7006cfbc
0x14b8f940:   0681033d 00000001 14b8f95c 7006ce53
0x14b8f950:   70050000 00000000 00000001 14b8f97c 

Instructions: (pc=0x7006eb92)
0x7006eb72:   20 df ff ff cc cc cc cc cc cc cc cc cc cc 56 8b
0x7006eb82:   35 6c bb 07 70 85 f6 74 0e e8 60 a6 ff ff 56 50
0x7006eb92:   8b 08 8b 41 58 ff d0 5e c3 cc cc cc cc cc 51 56
0x7006eba2:   8b 35 40 bc 07 70 85 f6 74 4e 8d 46 08 83 c9 ff 


Register to memory mapping:

EAX=
[error occurred during error reporting (printing register info), id 0xc0000005]

Stack: [0x14b40000,0x14b90000],  sp=0x14b8f8e0,  free space=318k
Native frames: (J=compiled Java code, j=interpreted, Vv=VM code, C=native code)
C  [glass.dll+0x1eb92]
C  [glass.dll+0x1cf29]
C  [glass.dll+0x1ce53]
C  [ntdll.dll+0x39930]
C  [ntdll.dll+0x58fba]
C  [ntdll.dll+0x58e5c]
C  [kernel32.dll+0x17a25]
C  [msvcr100.dll+0x27997]
C  [msvcr100.dll+0x27ab0]
C  [msvcr100.dll+0x27b1d]
V  [jvm.dll+0x157652]
V  [jvm.dll+0x18105d]
V  [jvm.dll+0x1804c1]
V  [jvm.dll+0x1808d7]
V  [jvm.dll+0x180ad2]
V  [jvm.dll+0x1c0546]
C  [msvcr100.dll+0x5c556]
C  [msvcr100.dll+0x5c600]
C  [kernel32.dll+0x133ca]
C  [ntdll.dll+0x39ed2]
C  [ntdll.dll+0x39ea5]

VM_Operation (0x201ce390): Exit, mode: safepoint, requested by thread 0x1e533400


---------------  P R O C E S S  ---------------

Java Threads: ( => current thread )
  0x15674800 JavaThread "AWT-Shutdown" [_thread_blocked, id=7896, stack(0x20970000,0x209c0000)]
  0x1e533400 JavaThread "Thread-1193" [_thread_blocked, id=12420, stack(0x20180000,0x201d0000)]
  0x1e534000 JavaThread "Thread-1192" [_thread_blocked, id=7424, stack(0x1fb10000,0x1fb60000)]
  0x1e7f6000 JavaThread "pool-12-thread-1" [_thread_blocked, id=4228, stack(0x1f5a0000,0x1f5f0000)]
  0x1e7f5000 JavaThread "pool-4-thread-5" [_thread_blocked, id=15816, stack(0x1e040000,0x1e090000)]
  0x1e7f3400 JavaThread "pool-4-thread-4" [_thread_blocked, id=12384, stack(0x1d300000,0x1d350000)]
  0x1e7f4400 JavaThread "pool-11-thread-1" [_thread_blocked, id=3380, stack(0x1dce0000,0x1dd30000)]
  0x16814c00 JavaThread "pool-4-thread-3" [_thread_blocked, id=5200, stack(0x1ddd0000,0x1de20000)]
  0x16811000 JavaThread "pool-4-thread-2" [_thread_blocked, id=14360, stack(0x1cf70000,0x1cfc0000)]
  0x16813400 JavaThread "pool-2-thread-1" [_thread_blocked, id=13488, stack(0x1f680000,0x1f6d0000)]
  0x16812800 JavaThread "TimerQueue" daemon [_thread_blocked, id=5852, stack(0x1b3a0000,0x1b3f0000)]
  0x16811400 JavaThread "Java2D Disposer" daemon [_thread_blocked, id=7600, stack(0x1bda0000,0x1bdf0000)]
  0x167a6800 JavaThread "pool-4-thread-1" [_thread_blocked, id=16332, stack(0x1cc70000,0x1ccc0000)]
  0x166ea400 JavaThread "Prism Font Disposer" daemon [_thread_blocked, id=1556, stack(0x17bf0000,0x17c40000)]
  0x1650c000 JavaThread "Thread-3" daemon [_thread_in_native, id=9124, stack(0x17ba0000,0x17bf0000)]
  0x164fa000 JavaThread "JavaFX Application Thread" [_thread_in_native, id=15408, stack(0x17a30000,0x17a80000)]
  0x164d5000 JavaThread "Thread-2" daemon [_thread_blocked, id=11984, stack(0x17b30000,0x17b80000)]
  0x164ccc00 JavaThread "JavaFX-Launcher" [_thread_blocked, id=4680, stack(0x16d40000,0x16d90000)]
  0x14e7e000 JavaThread "Monitor Ctrl-Break" daemon [_thread_in_native, id=2792, stack(0x15c80000,0x15cd0000)]
  0x14d13c00 JavaThread "Service Thread" daemon [_thread_blocked, id=2312, stack(0x15490000,0x154e0000)]
  0x14cf0800 JavaThread "C1 CompilerThread0" daemon [_thread_blocked, id=8640, stack(0x15340000,0x15390000)]
  0x14cef800 JavaThread "Attach Listener" daemon [_thread_blocked, id=7904, stack(0x151a0000,0x151f0000)]
  0x14cec800 JavaThread "Signal Dispatcher" daemon [_thread_blocked, id=7292, stack(0x15110000,0x15160000)]
  0x14cb7c00 JavaThread "Finalizer" daemon [_thread_blocked, id=12536, stack(0x14c10000,0x14c60000)]
  0x14cb2000 JavaThread "Reference Handler" daemon [_thread_blocked, id=15808, stack(0x14ba0000,0x14bf0000)]
  0x021ee800 JavaThread "main" [_thread_blocked, id=12464, stack(0x00370000,0x003c0000)]

Other Threads:
=>0x14cadc00 VMThread [stack: 0x14b40000,0x14b90000] [id=4132]

VM state:at safepoint (shutting down)

VM Mutex/Monitor currently owned by a thread:  ([mutex/lock_event])
[0x021ece38] Threads_lock - owner thread: 0x14cadc00

Heap:
 def new generation   total 68224K, used 42284K [0x04600000, 0x09000000, 0x09b50000)
  eden space 60672K,  68% used [0x04600000, 0x06ea3fc0, 0x08140000)
  from space 7552K,   8% used [0x088a0000, 0x089473d0, 0x09000000)
  to   space 7552K,   0% used [0x08140000, 0x08140000, 0x088a0000)
 tenured generation   total 151460K, used 126806K [0x09b50000, 0x12f39000, 0x14600000)
   the space 151460K,  83% used [0x09b50000, 0x11725a10, 0x11725c00, 0x12f39000)
 Metaspace       used 29447K, capacity 31333K, committed 31360K, reserved 32128K

Card table byte_map: [0x020b0000,0x02140000] byte_map_base: 0x0208d000

Polling page: 0x00190000

CodeCache: size=32768Kb used=4790Kb max_used=8201Kb free=27977Kb
 bounds [0x02600000, 0x02e10000, 0x04600000]
 total_blobs=3104 nmethods=2628 adapters=404
 compilation: enabled

Compilation events (10 events):
Event: 177.851 Thread 0x14cf0800 7463             javafx.scene.Node$FocusedProperty::access$4600 (5 bytes)
Event: 177.851 Thread 0x14cf0800 nmethod 7463 0x0293a748 code [0x0293a840, 0x0293a8b0]
Event: 177.855 Thread 0x14cf0800 7464             com.sun.javafx.text.PrismTextLayout::initCache (276 bytes)
Event: 177.856 Thread 0x14cf0800 nmethod 7464 0x02939fc8 code [0x0293a120, 0x0293a4f8]
Event: 177.857 Thread 0x14cf0800 7465             java.util.Currency::getInstance (214 bytes)
Event: 177.858 Thread 0x14cf0800 nmethod 7465 0x02938f88 code [0x02939150, 0x02939804]
Event: 177.859 Thread 0x14cf0800 7466             com.sun.javafx.css.Declaration::getOrigin (16 bytes)
Event: 177.859 Thread 0x14cf0800 nmethod 7466 0x02938d08 code [0x02938e00, 0x02938ec0]
Event: 177.860 Thread 0x14cf0800 7467             com.sun.javafx.text.PrismTextLayout::setBoundsType (46 bytes)
Event: 177.861 Thread 0x14cf0800 nmethod 7467 0x02938a88 code [0x02938b90, 0x02938c8c]

GC Heap History (10 events):
Event: 73.881 GC heap before
{Heap before GC invocations=77 (full 6):
 def new generation   total 68224K, used 68224K [0x04600000, 0x09000000, 0x09b50000)
  eden space 60672K, 100% used [0x04600000, 0x08140000, 0x08140000)
  from space 7552K, 100% used [0x08140000, 0x088a0000, 0x088a0000)
  to   space 7552K,   0% used [0x088a0000, 0x088a0000, 0x09000000)
 tenured generation   total 151460K, used 110711K [0x09b50000, 0x12f39000, 0x14600000)
   the space 151460K,  73% used [0x09b50000, 0x1076de78, 0x1076e000, 0x12f39000)
 Metaspace       used 29270K, capacity 31017K, committed 31104K, reserved 31104K
Event: 73.907 GC heap after
Heap after GC invocations=78 (full 6):
 def new generation   total 68224K, used 956K [0x04600000, 0x09000000, 0x09b50000)
  eden space 60672K,   0% used [0x04600000, 0x04600000, 0x08140000)
  from space 7552K,  12% used [0x088a0000, 0x0898f370, 0x09000000)
  to   space 7552K,   0% used [0x08140000, 0x08140000, 0x088a0000)
 tenured generation   total 151460K, used 118193K [0x09b50000, 0x12f39000, 0x14600000)
   the space 151460K,  78% used [0x09b50000, 0x10ebc7b0, 0x10ebc800, 0x12f39000)
 Metaspace       used 29270K, capacity 31017K, committed 31104K, reserved 31104K
}
Event: 76.583 GC heap before
{Heap before GC invocations=78 (full 6):
 def new generation   total 68224K, used 61628K [0x04600000, 0x09000000, 0x09b50000)
  eden space 60672K, 100% used [0x04600000, 0x08140000, 0x08140000)
  from space 7552K,  12% used [0x088a0000, 0x0898f370, 0x09000000)
  to   space 7552K,   0% used [0x08140000, 0x08140000, 0x088a0000)
 tenured generation   total 151460K, used 118193K [0x09b50000, 0x12f39000, 0x14600000)
   the space 151460K,  78% used [0x09b50000, 0x10ebc7b0, 0x10ebc800, 0x12f39000)
 Metaspace       used 29292K, capacity 31057K, committed 31104K, reserved 31104K
Event: 76.597 GC heap after
Heap after GC invocations=79 (full 6):
 def new generation   total 68224K, used 1654K [0x04600000, 0x09000000, 0x09b50000)
  eden space 60672K,   0% used [0x04600000, 0x04600000, 0x08140000)
  from space 7552K,  21% used [0x08140000, 0x082ddbe8, 0x088a0000)
  to   space 7552K,   0% used [0x088a0000, 0x088a0000, 0x09000000)
 tenured generation   total 151460K, used 118193K [0x09b50000, 0x12f39000, 0x14600000)
   the space 151460K,  78% used [0x09b50000, 0x10ebc7b0, 0x10ebc800, 0x12f39000)
 Metaspace       used 29292K, capacity 31057K, committed 31104K, reserved 31104K
}
Event: 107.392 GC heap before
{Heap before GC invocations=79 (full 6):
 def new generation   total 68224K, used 62326K [0x04600000, 0x09000000, 0x09b50000)
  eden space 60672K, 100% used [0x04600000, 0x08140000, 0x08140000)
  from space 7552K,  21% used [0x08140000, 0x082ddbe8, 0x088a0000)
  to   space 7552K,   0% used [0x088a0000, 0x088a0000, 0x09000000)
 tenured generation   total 151460K, used 118193K [0x09b50000, 0x12f39000, 0x14600000)
   the space 151460K,  78% used [0x09b50000, 0x10ebc7b0, 0x10ebc800, 0x12f39000)
 Metaspace       used 29316K, capacity 31107K, committed 31232K, reserved 32128K
Event: 107.404 GC heap after
Heap after GC invocations=80 (full 6):
 def new generation   total 68224K, used 2023K [0x04600000, 0x09000000, 0x09b50000)
  eden space 60672K,   0% used [0x04600000, 0x04600000, 0x08140000)
  from space 7552K,  26% used [0x088a0000, 0x08a99c18, 0x09000000)
  to   space 7552K,   0% used [0x08140000, 0x08140000, 0x088a0000)
 tenured generation   total 151460K, used 118193K [0x09b50000, 0x12f39000, 0x14600000)
   the space 151460K,  78% used [0x09b50000, 0x10ebc7b0, 0x10ebc800, 0x12f39000)
 Metaspace       used 29316K, capacity 31107K, committed 31232K, reserved 32128K
}
Event: 111.112 GC heap before
{Heap before GC invocations=80 (full 6):
 def new generation   total 68224K, used 62695K [0x04600000, 0x09000000, 0x09b50000)
  eden space 60672K, 100% used [0x04600000, 0x08140000, 0x08140000)
  from space 7552K,  26% used [0x088a0000, 0x08a99c18, 0x09000000)
  to   space 7552K,   0% used [0x08140000, 0x08140000, 0x088a0000)
 tenured generation   total 151460K, used 118193K [0x09b50000, 0x12f39000, 0x14600000)
   the space 151460K,  78% used [0x09b50000, 0x10ebc7b0, 0x10ebc800, 0x12f39000)
 Metaspace       used 29383K, capacity 31219K, committed 31232K, reserved 32128K
Event: 111.140 GC heap after
Heap after GC invocations=81 (full 6):
 def new generation   total 68224K, used 7552K [0x04600000, 0x09000000, 0x09b50000)
  eden space 60672K,   0% used [0x04600000, 0x04600000, 0x08140000)
  from space 7552K, 100% used [0x08140000, 0x088a0000, 0x088a0000)
  to   space 7552K,   0% used [0x088a0000, 0x088a0000, 0x09000000)
 tenured generation   total 151460K, used 121256K [0x09b50000, 0x12f39000, 0x14600000)
   the space 151460K,  80% used [0x09b50000, 0x111ba338, 0x111ba400, 0x12f39000)
 Metaspace       used 29383K, capacity 31219K, committed 31232K, reserved 32128K
}
Event: 177.368 GC heap before
{Heap before GC invocations=81 (full 6):
 def new generation   total 68224K, used 68224K [0x04600000, 0x09000000, 0x09b50000)
  eden space 60672K, 100% used [0x04600000, 0x08140000, 0x08140000)
  from space 7552K, 100% used [0x08140000, 0x088a0000, 0x088a0000)
  to   space 7552K,   0% used [0x088a0000, 0x088a0000, 0x09000000)
 tenured generation   total 151460K, used 121256K [0x09b50000, 0x12f39000, 0x14600000)
   the space 151460K,  80% used [0x09b50000, 0x111ba338, 0x111ba400, 0x12f39000)
 Metaspace       used 29436K, capacity 31323K, committed 31360K, reserved 32128K
Event: 177.387 GC heap after
Heap after GC invocations=82 (full 6):
 def new generation   total 68224K, used 668K [0x04600000, 0x09000000, 0x09b50000)
  eden space 60672K,   0% used [0x04600000, 0x04600000, 0x08140000)
  from space 7552K,   8% used [0x088a0000, 0x089473d0, 0x09000000)
  to   space 7552K,   0% used [0x08140000, 0x08140000, 0x088a0000)
 tenured generation   total 151460K, used 126806K [0x09b50000, 0x12f39000, 0x14600000)
   the space 151460K,  83% used [0x09b50000, 0x11725a10, 0x11725c00, 0x12f39000)
 Metaspace       used 29436K, capacity 31323K, committed 31360K, reserved 32128K
}

Deoptimization events (0 events):
No events

Internal exceptions (10 events):
Event: 177.855 Thread 0x164fa000 Exception <a 'java/lang/ClassCastException': java.lang.String cannot be cast to javafx.scene.paint.Paint> (0x06c57ee0) thrown at [C:\re\workspace\8-2-build-windows-i586-cygwin\jdk8u66\4344.nc\hotspot\src\share\vm\interpreter\interpreterRuntime.cpp, line 38Ò™ÿŒ^;f@
Event: 177.855 Thread 0x164fa000 Exception <a 'java/lang/ClassCastException': java.lang.String cannot be cast to javafx.scene.paint.Paint> (0x06c76ce8) thrown at [C:\re\workspace\8-2-build-windows-i586-cygwin\jdk8u66\4344.nc\hotspot\src\share\vm\interpreter\interpreterRuntime.cpp, line 383+¤Åb;f@
Event: 177.856 Thread 0x164fa000 Exception <a 'java/lang/ClassCastException': java.lang.String cannot be cast to javafx.scene.paint.Paint> (0x06c93ef8) thrown at [C:\re\workspace\8-2-build-windows-i586-cygwin\jdk8u66\4344.nc\hotspot\src\share\vm\interpreter\interpreterRuntime.cpp, line 38'±?xg;f@
Event: 177.856 Thread 0x164fa000 Exception <a 'java/lang/ClassCastException': java.lang.String cannot be cast to javafx.scene.paint.Paint> (0x06cb1068) thrown at [C:\re\workspace\8-2-build-windows-i586-cygwin\jdk8u66\4344.nc\hotspot\src\share\vm\interpreter\interpreterRuntime.cpp, line 38¡”eœ‡
Event: 177.857 Thread 0x164fa000 Exception <a 'java/lang/ClassCastException': java.lang.String cannot be cast to javafx.scene.paint.Paint> (0x06cce210) thrown at [C:\re\workspace\8-2-build-windows-i586-cygwin\jdk8u66\4344.nc\hotspot\src\share\vm\interpreter\interpreterRuntime.cpp, line 38©nÄ¸r;f@
Event: 177.858 Thread 0x164fa000 Exception <a 'java/lang/ClassCastException': java.lang.String cannot be cast to javafx.scene.paint.Paint> (0x06cebe78) thrown at [C:\re\workspace\8-2-build-windows-i586-cygwin\jdk8u66\4344.nc\hotspot\src\share\vm\interpreter\interpreterRuntime.cpp, line 38§èw;f@
Event: 177.858 Thread 0x164fa000 Exception <a 'java/lang/ClassCastException': java.lang.String cannot be cast to javafx.scene.paint.Paint> (0x06d08f40) thrown at [C:\re\workspace\8-2-build-windows-i586-cygwin\jdk8u66\4344.nc\hotspot\src\share\vm\interpreter\interpreterRuntime.cpp, line 38‚\ë'~;f@
Event: 177.859 Thread 0x164fa000 Exception <a 'java/lang/ClassCastException': java.lang.String cannot be cast to javafx.scene.paint.Paint> (0x06d26a80) thrown at [C:\re\workspace\8-2-build-windows-i586-cygwin\jdk8u66\4344.nc\hotspot\src\share\vm\interpreter\interpreterRuntime.cpp, line 38à#£ó‚;f@
Event: 177.860 Thread 0x164fa000 Exception <a 'java/lang/ClassCastException': java.lang.String cannot be cast to javafx.scene.paint.Paint> (0x06d43c38) thrown at [C:\re\workspace\8-2-build-windows-i586-cygwin\jdk8u66\4344.nc\hotspot\src\share\vm\interpreter\interpreterRuntime.cpp, line 38ZÞZQEh@
Event: 192.352 Thread 0x16887000 Exception <a 'java/lang/IllegalStateException'> (0x06e5c838) thrown at [C:\re\workspace\8-2-build-windows-i586-cygwin\jdk8u66\4344.nc\hotspot\src\share\vm\prims\jvm.cpp, line 1390]

Events (10 events):
Event: 192.341 Executing VM operation: RevokeBias done
Event: 192.349 Executing VM operation: RevokeBias
Event: 192.351 Executing VM operation: RevokeBias done
Event: 192.351 Thread 0x16887800 Thread exited: 0x16887800
Event: 192.352 loading class com/sun/javafx/tk/quantum/QuantumToolkit
Event: 192.352 loading class com/sun/javafx/tk/quantum/QuantumToolkit done
Event: 192.352 Thread 0x16887000 Thread exited: 0x16887000
Event: 192.362 Thread 0x164d0000 Thread exited: 0x164d0000
Event: 192.440 Thread 0x16886c00 Thread exited: 0x16886c00
Event: 192.440 Executing VM operation: Exit


Dynamic libraries:
0x00320000 - 0x00353000 	C:\Program Files (x86)\Java\jdk1.8.0_66\bin\java.exe
0x77410000 - 0x77590000 	C:\Windows\SysWOW64\ntdll.dll
0x76260000 - 0x76370000 	C:\Windows\syswow64\kernel32.dll
0x76550000 - 0x76596000 	C:\Windows\syswow64\KERNELBASE.dll
0x76f40000 - 0x76fe0000 	C:\Windows\syswow64\ADVAPI32.dll
0x75050000 - 0x750fc000 	C:\Windows\syswow64\msvcrt.dll
0x76b30000 - 0x76b49000 	C:\Windows\SysWOW64\sechost.dll
0x76a40000 - 0x76b30000 	C:\Windows\syswow64\RPCRT4.dll
0x74f70000 - 0x74fd0000 	C:\Windows\syswow64\SspiCli.dll
0x74f60000 - 0x74f6c000 	C:\Windows\syswow64\CRYPTBASE.dll
0x76800000 - 0x76900000 	C:\Windows\syswow64\USER32.dll
0x75260000 - 0x752f0000 	C:\Windows\syswow64\GDI32.dll
0x76470000 - 0x7647a000 	C:\Windows\syswow64\LPK.dll
0x76760000 - 0x767fd000 	C:\Windows\syswow64\USP10.dll
0x72ee0000 - 0x7307e000 	C:\Windows\WinSxS\x86_microsoft.windows.common-controls_6595b64144ccf1df_6.0.7601.17514_none_41e6975e2bd6f2b2\COMCTL32.dll
0x76600000 - 0x76657000 	C:\Windows\syswow64\SHLWAPI.dll
0x76370000 - 0x763d0000 	C:\Windows\system32\IMM32.DLL
0x76480000 - 0x7654c000 	C:\Windows\syswow64\MSCTF.dll
0x6ff50000 - 0x7000f000 	C:\Program Files (x86)\Java\jdk1.8.0_66\jre\bin\msvcr100.dll
0x6bcb0000 - 0x6c074000 	C:\Program Files (x86)\Java\jdk1.8.0_66\jre\bin\client\jvm.dll
0x735a0000 - 0x735a7000 	C:\Windows\system32\WSOCK32.dll
0x76ea0000 - 0x76ed5000 	C:\Windows\syswow64\WS2_32.dll
0x76460000 - 0x76466000 	C:\Windows\syswow64\NSI.dll
0x73690000 - 0x736c2000 	C:\Windows\system32\WINMM.dll
0x73620000 - 0x73629000 	C:\Windows\system32\VERSION.dll
0x773e0000 - 0x773e5000 	C:\Windows\syswow64\PSAPI.DLL
0x74820000 - 0x7482c000 	C:\Program Files (x86)\Java\jdk1.8.0_66\jre\bin\verify.dll
0x73a30000 - 0x73a51000 	C:\Program Files (x86)\Java\jdk1.8.0_66\jre\bin\java.dll
0x74790000 - 0x747a3000 	C:\Program Files (x86)\Java\jdk1.8.0_66\jre\bin\zip.dll
0x75310000 - 0x75f5a000 	C:\Windows\syswow64\SHELL32.dll
0x75100000 - 0x7525c000 	C:\Windows\syswow64\ole32.dll
0x73080000 - 0x7308b000 	C:\Windows\system32\profapi.dll
0x00220000 - 0x00227000 	C:\Program Files (x86)\JetBrains\IntelliJ IDEA 14.1.3\bin\breakgen.dll
0x72d40000 - 0x72d55000 	C:\Program Files (x86)\Java\jdk1.8.0_66\jre\bin\net.dll
0x71750000 - 0x7178c000 	C:\Windows\system32\mswsock.dll
0x74860000 - 0x74866000 	C:\Windows\System32\wship6.dll
0x725d0000 - 0x725e6000 	C:\Windows\system32\CRYPTSP.dll
0x72590000 - 0x725cb000 	C:\Windows\system32\rsaenh.dll
0x73090000 - 0x730a7000 	C:\Windows\system32\USERENV.dll
0x73140000 - 0x7315c000 	C:\Windows\system32\IPHLPAPI.DLL
0x73130000 - 0x73137000 	C:\Windows\system32\WINNSI.DLL
0x74c20000 - 0x74c32000 	C:\Windows\system32\dhcpcsvc.DLL
0x74c10000 - 0x74c1d000 	C:\Windows\system32\dhcpcsvc6.DLL
0x74360000 - 0x7436f000 	C:\Program Files (x86)\Java\jdk1.8.0_66\jre\bin\nio.dll
0x6d410000 - 0x6d4fe000 	C:\Program Files (x86)\Java\jdk1.8.0_66\jre\bin\msvcr120.dll
0x6d390000 - 0x6d401000 	C:\Program Files (x86)\Java\jdk1.8.0_66\jre\bin\msvcp120.dll
0x73a80000 - 0x73a9f000 	C:\Program Files (x86)\Java\jdk1.8.0_66\jre\bin\prism_d3d.dll
0x71330000 - 0x714f3000 	C:\Windows\system32\d3d9.dll
0x72de0000 - 0x72de6000 	C:\Windows\system32\d3d8thk.dll
0x73850000 - 0x73863000 	C:\Windows\system32\dwmapi.dll
0x72c10000 - 0x72c90000 	C:\Windows\system32\uxtheme.dll
0x74be0000 - 0x74beb000 	C:\Windows\system32\atiu9pag.dll
0x70050000 - 0x70083000 	C:\Program Files (x86)\Java\jdk1.8.0_66\jre\bin\glass.dll
0x74fd0000 - 0x7504b000 	C:\Windows\syswow64\COMDLG32.dll
0x763d0000 - 0x7645f000 	C:\Windows\syswow64\OLEAUT32.dll
0x72d90000 - 0x72da1000 	C:\Program Files (x86)\Java\jdk1.8.0_66\jre\bin\javafx_font.dll
0x70bd0000 - 0x70cda000 	C:\Windows\system32\dwrite.dll
0x704f0000 - 0x70511000 	C:\Program Files (x86)\Java\jdk1.8.0_66\jre\bin\javafx_iio.dll
0x76b50000 - 0x76bd3000 	C:\Windows\syswow64\CLBCatQ.DLL
0x74540000 - 0x7463b000 	C:\Windows\system32\WindowsCodecs.dll
0x6f610000 - 0x6f65c000 	C:\Windows\system32\apphelp.dll
0x69f40000 - 0x69fb4000 	C:\ProgramData\MEGAsync\ShellExtX32.dll
0x72cb0000 - 0x72d19000 	C:\Windows\system32\MSVCP100.dll
0x693c0000 - 0x693e9000 	C:\Users\DIM-S\AppData\Roaming\Dropbox\bin\DropboxExt.25.dll
0x69340000 - 0x69371000 	C:\Windows\system32\EhStorShell.dll
0x76d00000 - 0x76e9d000 	C:\Windows\syswow64\SETUPAPI.dll
0x76fe0000 - 0x77007000 	C:\Windows\syswow64\CFGMGR32.dll
0x752f0000 - 0x75302000 	C:\Windows\syswow64\DEVOBJ.dll
0x731c0000 - 0x732b5000 	C:\Windows\system32\PROPSYS.dll
0x74a80000 - 0x74af0000 	C:\Windows\system32\ntshrui.dll
0x734a0000 - 0x734b9000 	C:\Windows\system32\srvcli.dll
0x72ca0000 - 0x72cab000 	C:\Windows\system32\cscapi.dll
0x74b90000 - 0x74b9a000 	C:\Windows\system32\slc.dll
0x70110000 - 0x70131000 	C:\Program Files (x86)\Common Files\Microsoft Shared\Ink\rtscom.dll
0x742b0000 - 0x742bf000 	C:\Program Files (x86)\Java\jdk1.8.0_66\jre\bin\prism_common.dll
0x71f90000 - 0x71f95000 	C:\Windows\System32\wshtcpip.dll
0x74c40000 - 0x74c84000 	C:\Windows\system32\DNSAPI.dll
0x746f0000 - 0x746f6000 	C:\Windows\system32\rasadhlp.dll
0x74700000 - 0x74738000 	C:\Windows\System32\fwpuclnt.dll
0x6cfd0000 - 0x6d115000 	C:\Program Files (x86)\Java\jdk1.8.0_66\jre\bin\awt.dll
0x6f850000 - 0x6f889000 	C:\Program Files (x86)\Java\jdk1.8.0_66\jre\bin\fontmanager.dll
0x6f820000 - 0x6f850000 	C:\Program Files (x86)\Java\jdk1.8.0_66\jre\bin\t2k.dll
0x72580000 - 0x7258e000 	C:\Windows\system32\RpcRtRemote.dll
0x68640000 - 0x68698000 	C:\Program Files (x86)\Common Files\microsoft shared\ink\tiptsf.dll
0x6a650000 - 0x6a7bf000 	C:\Windows\system32\explorerframe.dll
0x6a620000 - 0x6a64f000 	C:\Windows\system32\DUser.dll
0x6a560000 - 0x6a612000 	C:\Windows\system32\DUI70.dll
0x6cea0000 - 0x6cf34000 	C:\Windows\system32\MsftEdit.dll
0x686a0000 - 0x686ca000 	C:\Windows\system32\msls31.dll
0x6f6f0000 - 0x6f71f000 	C:\Windows\system32\xmllite.dll
0x685e0000 - 0x6863c000 	C:\Windows\System32\StructuredQuery.dll
0x74b60000 - 0x74b68000 	C:\Windows\System32\Secur32.dll
0x68590000 - 0x685de000 	C:\Windows\SysWOW64\actxprxy.dll
0x68560000 - 0x6858b000 	C:\Program Files (x86)\Internet Explorer\ieproxy.dll
0x6a2b0000 - 0x6a2c2000 	C:\Windows\system32\MPR.dll
0x682f0000 - 0x682f8000 	C:\Windows\System32\drprov.dll
0x72550000 - 0x72579000 	C:\Windows\System32\WINSTA.dll
0x682d0000 - 0x682e4000 	C:\Windows\System32\ntlanman.dll
0x682b0000 - 0x682c7000 	C:\Windows\System32\davclnt.dll
0x682a0000 - 0x682a8000 	C:\Windows\System32\DAVHLPR.dll
0x73490000 - 0x7349f000 	C:\Windows\system32\wkscli.dll
0x734c0000 - 0x734c9000 	C:\Windows\system32\netutils.dll
0x684a0000 - 0x684b6000 	C:\Windows\SysWOW64\thumbcache.dll
0x6b6e0000 - 0x6b918000 	C:\Windows\system32\wpdshext.dll
0x70ce0000 - 0x70e70000 	C:\Windows\WinSxS\x86_microsoft.windows.gdiplus_6595b64144ccf1df_1.1.7601.17514_none_72d18a4386696c80\gdiplus.dll
0x6ce10000 - 0x6ce99000 	C:\Windows\system32\PortableDeviceApi.dll
0x689b0000 - 0x689de000 	C:\Windows\system32\SHDOCVW.dll
0x66e30000 - 0x678b0000 	C:\Windows\system32\ieframe.DLL
0x747b0000 - 0x747ec000 	C:\Windows\system32\OLEACC.dll
0x76060000 - 0x7625b000 	C:\Windows\syswow64\iertutil.dll
0x76f10000 - 0x76f3d000 	C:\Windows\syswow64\WINTRUST.dll
0x76be0000 - 0x76cfd000 	C:\Windows\syswow64\CRYPT32.dll
0x76750000 - 0x7675c000 	C:\Windows\syswow64\MSASN1.dll
0x6f660000 - 0x6f681000 	C:\Windows\system32\ntmarta.dll
0x765b0000 - 0x765f5000 	C:\Windows\syswow64\WLDAP32.dll
0x6f6b0000 - 0x6f6ef000 	C:\Windows\system32\audiodev.dll
0x6b470000 - 0x6b6d7000 	C:\Windows\system32\WMVCore.DLL
0x6f740000 - 0x6f77d000 	C:\Windows\system32\WMASF.DLL
0x6f7f0000 - 0x6f812000 	C:\Windows\system32\EhStorAPI.dll
0x68180000 - 0x68259000 	C:\Users\DIM-S\AppData\Roaming\Yandex\YandexDisk\wow64\YandexDiskShellExt-4724.dll
0x72c90000 - 0x72c95000 	C:\Windows\system32\MSIMG32.dll
0x75f60000 - 0x76055000 	C:\Windows\syswow64\WININET.dll
0x76900000 - 0x76a36000 	C:\Windows\syswow64\urlmon.dll
0x6bac0000 - 0x6bb60000 	C:\Windows\system32\SearchFolder.dll
0x74af0000 - 0x74af9000 	C:\Windows\system32\LINKINFO.dll
0x68300000 - 0x68498000 	C:\Windows\system32\NetworkExplorer.dll
0x6f5e0000 - 0x6f60b000 	C:\Windows\SysWOW64\FunDisc.dll
0x6a230000 - 0x6a244000 	C:\Windows\SysWOW64\ATL.DLL

VM Arguments:
jvm_args: -Didea.launcher.port=7533 -Didea.launcher.bin.path=C:\Program Files (x86)\JetBrains\IntelliJ IDEA 14.1.3\bin -Dfile.encoding=UTF-8 
java_command: com.intellij.rt.execution.application.AppMain php.runtime.launcher.Launcher
java_class_path (initial): C:\Program Files (x86)\Java\jdk1.8.0_66\jre\lib\charsets.jar;C:\Program Files (x86)\Java\jdk1.8.0_66\jre\lib\deploy.jar;C:\Program Files (x86)\Java\jdk1.8.0_66\jre\lib\javaws.jar;C:\Program Files (x86)\Java\jdk1.8.0_66\jre\lib\jce.jar;C:\Program Files (x86)\Java\jdk1.8.0_66\jre\lib\jfr.jar;C:\Program Files (x86)\Java\jdk1.8.0_66\jre\lib\jfxswt.jar;C:\Program Files (x86)\Java\jdk1.8.0_66\jre\lib\jsse.jar;C:\Program Files (x86)\Java\jdk1.8.0_66\jre\lib\management-agent.jar;C:\Program Files (x86)\Java\jdk1.8.0_66\jre\lib\plugin.jar;C:\Program Files (x86)\Java\jdk1.8.0_66\jre\lib\resources.jar;C:\Program Files (x86)\Java\jdk1.8.0_66\jre\lib\rt.jar;C:\Program Files (x86)\Java\jdk1.8.0_66\jre\lib\ext\access-bridge-32.jar;C:\Program Files (x86)\Java\jdk1.8.0_66\jre\lib\ext\cldrdata.jar;C:\Program Files (x86)\Java\jdk1.8.0_66\jre\lib\ext\dnsns.jar;C:\Program Files (x86)\Java\jdk1.8.0_66\jre\lib\ext\jaccess.jar;C:\Program Files (x86)\Java\jdk1.8.0_66\jre\lib\ext\jfxrt.jar;C:\Program Files (x86)\Java\jdk1.8.0_66\jre\lib\ext\localedata.jar;C:\Program Files (x86)\Java\jdk1.8.0_66\jre\lib\ext\nashorn.jar;C:\Program Files (x86)\Java\jdk1.8.0_66\jre\lib\ext\sunec.jar;C:\Program Files (x86)\Java\jdk1.8.0_66\jre\lib\ext\sunjce_provider.jar;C:\Program Files (x86)\Java\jdk1.8.0_66\jre\lib\ext\sunmscapi.jar;C:\Program Files (x86)\Java\jdk1.8.0_66\jre\lib\ext\sunpkcs11.jar;C:\Program Files (x86)\Java\jdk1.8.0_66\jre\lib\ext\zipfs.jar;E:\apps\jphp-javafx\develnext\build\resources\main;C:\Users\DIM-S\.gradle\caches\modules-2\files-2.1\com.google.code.gson\gson\2.2.4\a60a5e993c98c864010053cb901b7eab25306568\gson-2.2.4.jar;E:\apps\jphp-javafx\jphp-gui-designer-ext\build\classes\main;E:\apps\jphp-javafx\jphp-gui-designer-ext\build\resources\main;E:\apps\jphp-javafx\jphp-gui-ext\build\classes\main;E:\apps\jphp-javafx\jphp-gui-ext\build\resources\main;C:\Users\DIM-S\.m2\repository\org\develnext\jphp-runtime\0.7.2-SNAPSHOT\jphp-runtime-0.7.2-SNAPSHOT.jar;C:\Users\DI
Launcher Type: SUN_STANDARD

Environment Variables:
JAVA_HOME=C:\Program Files\Java\jdk1.8.0_60
PATH=C:\Program Files (x86)\NVIDIA Corporation\PhysX\Common;C:\ProgramData\Oracle\Java\javapath;C:\Program Files (x86)\AMD APP\bin\x86_64;C:\Program Files (x86)\AMD APP\bin\x86;C:\Windows\system32;C:\Windows;C:\Windows\System32\Wbem;C:\Windows\System32\WindowsPowerShell\v1.0\;C:\Program Files (x86)\ATI Technologies\ATI.ACE\Core-Static;E:\RegenixServer\usr\php;C:\ProgramData\Composer\bin;C:\Program Files (x86)\Git\cmd;C:\vert.x-1.3.1.final\bin;C:\apache-maven-3.1.0\bin;E:\play-2.x;C:\Program Files\Java\jdk1.7.0_09\bin;E:\RegenixServer\usr\dart-sdk\bin;E:\gradle-2.4\bin;C:\Program Files\Java\jdk1.7.0_09\bin;C:\Program Files (x86)\GNU\GnuPG\pub;C:\Python27;C:\Python27\Scripts;C:\Program Files (x86)\Microsoft SQL Server\100\Tools\Binn\;C:\Program Files\Microsoft SQL Server\100\Tools\Binn\;C:\Program Files\Microsoft SQL Server\100\DTS\Binn\;C:\Ruby22-x64\bin
USERNAME=DIM-S
OS=Windows_NT
PROCESSOR_IDENTIFIER=Intel64 Family 6 Model 58 Stepping 9, GenuineIntel



---------------  S Y S T E M  ---------------

OS: Windows 7 , 64 bit Build 7601 (6.1.7601.17514)

CPU:total 4 (2 cores per cpu, 2 threads per core) family 6 model 58 stepping 9, cmov, cx8, fxsr, mmx, sse, sse2, sse3, ssse3, sse4.1, sse4.2, popcnt, avx, clmul, erms, ht, tsc, tscinvbit, tscinv

Memory: 4k page, physical 8267200k(3686416k free), swap 17481356k(11976520k free)

vm_info: Java HotSpot(TM) Client VM (25.66-b02) for windows-x86 JRE (1.8.0_66-ea-b02), built on Jul 28 2015 16:36:57 by "java_re" with MS VC++ 10.0 (VS2010)

time: Sat Jan 09 02:10:58 2016
elapsed time: 192 seconds (0d 0h 3m 12s)

